2025-12-24 01:19:36,242 - INFO - Linear Regression
2025-12-24 01:19:36,290 - INFO - Intercept : 89.09541666666716
2025-12-24 01:19:36,291 - INFO - Coefficient : [ 8.72249414  1.03110946 -0.37897118 36.85173422 32.62589185 -9.86171207
  0.31409669]
2025-12-24 01:19:36,306 - INFO -        y_train  y_train_pred_LR
7840       7.0       -21.334177
6100     193.0       166.090430
597       67.0        68.189540
6293     190.0       161.233724
1481     160.0       161.061845
13758     17.0        29.268209
6049      74.0       107.151788
3308     157.0       122.305092
4800     184.0       164.522195
443       68.0       104.722056
2025-12-24 01:19:36,308 - INFO - Training Accuracy (r2_score) Using Linear Regression : 0.8735239041091345
2025-12-24 01:19:36,309 - INFO - Training Loss (Mean_squared_error) Using Linear Regression : 488.93552578724376
2025-12-24 01:19:36,311 - INFO - Test Accuracy (r2_score) Using Linear Regression : 0.8772036270326257
2025-12-24 01:19:36,312 - INFO - Test Loss (Mean_squared_error) Using Linear Regression : 495.5805554691747
2025-12-24 01:19:36,312 - INFO - Ridge Regression
2025-12-24 01:19:36,330 - INFO - Intercept : 89.09541666666716
2025-12-24 01:19:36,330 - INFO - Coefficient : [ 8.72201171  1.02943074 -0.37717355 36.82383091 32.62641141 -9.83480592
  0.31383737]
2025-12-24 01:19:36,345 - INFO -        y_train  y_train_pred_LR  y_train_pred_Ridge
13902    209.0       167.789538          167.797066
11015     97.0       114.702525          114.691714
7645     106.0       103.981729          103.976562
10812    162.0       161.954998          161.951472
10205     39.0        58.374638           58.376320
14981     85.0        94.156333           94.167767
7016       9.0         4.641309            4.656510
331       19.0        11.720773           11.727248
11960     24.0        30.066748           30.068954
4611      98.0        97.626253           97.626752
2025-12-24 01:19:36,346 - INFO - Training Accuracy Using Ridge: 0.8735238902929308
2025-12-24 01:19:36,347 - INFO - Training Loss Using Ridge: 488.93557919838685
2025-12-24 01:19:36,349 - INFO - Test Accuracy  Using Ridge: 0.8772022278166199
2025-12-24 01:19:36,350 - INFO - Test Loss Using Ridge: 495.5862024132056
2025-12-24 01:19:36,350 - INFO - Lasso Regression
2025-12-24 01:19:36,400 - INFO - Intercept : 89.09541666666685
2025-12-24 01:19:36,401 - INFO - Coefficient : [ 8.17668822  0.          0.38006669 26.82084132 32.65958524 -0.
  0.        ]
2025-12-24 01:19:36,411 - INFO -       y_train  y_train_pred_LR  y_train_pred_Ridge  y_train_pred_Lasso
8529     67.0        88.847136           88.849691           89.477528
646     197.0       164.093891          164.093483          163.423998
5162    148.0       138.117321          138.132527          143.201012
628      19.0         9.471222            9.474854           11.610777
7127      5.0       -12.217805          -12.215674          -11.905101
2649     68.0        83.211963           83.222092           87.414097
6329    165.0       154.318585          154.316631          154.545965
8932     85.0        91.863162           91.869580           95.208302
7672     61.0        88.332919           88.329956           87.411489
257      80.0       106.301836          106.297625          104.014283
2025-12-24 01:19:36,412 - INFO - Training Accuracy  Lasso: 0.8715530782880261
2025-12-24 01:19:36,413 - INFO - Training Loss  Lasso: 496.55441022774875
2025-12-24 01:19:36,413 - INFO - Test Accuracy  Lasso: 0.8745870209740038
2025-12-24 01:19:36,414 - INFO - Test Loss Lasso: 506.14063190009966
2025-12-24 01:19:36,458 - INFO - [-40281.45834998]
