2025-12-24 01:19:36,214 - INFO - After Scaling :             Age    Height    Weight  Duration  Heart_Rate  Body_Temp  Gender_male
0     -0.163245  0.361072  0.236378 -0.826991   -1.595626  -0.667411     1.007193
1     -1.334832  1.418725  0.845277  1.014076    1.469618   0.618154     1.007193
2     -0.446817  0.498310  0.236378 -0.092154   -0.766409   0.107685     1.007193
3      1.282604 -1.336867 -1.527180 -0.489254   -2.101863  -0.667411    -0.992859
4     -0.522928 -2.324400 -2.008282 -1.262410   -0.541452  -1.322147    -0.992859
...         ...       ...       ...       ...         ...        ...          ...
11995  1.603948 -1.986422 -1.810306  0.771390    0.907105   0.745003    -0.992859
11996 -1.556669 -0.131567 -0.456178  0.633701    0.907105   0.871547    -0.992859
11997  0.914837  1.032582  1.124229 -0.648721   -0.541452  -0.667411     1.007193
11998 -0.301091  0.011192  0.171245 -0.092154    0.208715   0.235766     1.007193
11999 -1.034542  0.566365  0.787588  0.313875   -0.430821   0.618154     1.007193

[12000 rows x 7 columns]
2025-12-24 01:19:36,232 - INFO - After Scaling :            Age    Height    Weight  Duration  Heart_Rate  Body_Temp  Gender_male
0     0.323854 -1.496099 -1.714155  1.014076    1.192268   0.745003    -0.992859
1    -1.556669  0.901153  1.014491  1.173544    1.560405   0.618154     1.007193
2     0.958420  0.152329  0.236378 -0.213302   -0.541452  -0.020709     1.007193
3    -0.301091  0.566365  0.958714  0.897592    1.285565   0.997788     1.007193
4     1.320376 -0.203567 -0.456178  1.173544    1.916490   1.374706    -0.992859
...        ...       ...       ...       ...         ...        ...          ...
2995  1.084868 -0.569962 -0.530961  1.122232    1.098104   1.249366    -0.992859
2996  1.535956 -0.644557 -0.530961 -0.344997   -0.321387  -0.020709    -0.992859
2997 -0.097020 -0.348830 -0.530961  0.633701    0.907105   0.235766    -0.992859
2998 -1.130761 -0.795103 -1.527180 -1.262410   -0.996479  -1.059276    -0.992859
2999 -1.034542  0.498310  0.670193  1.173544    1.916490   1.499749     1.007193

[3000 rows x 7 columns]
2025-12-24 01:19:36,232 - INFO - (12000, 7) -->  Index(['Age', 'Height', 'Weight', 'Duration', 'Heart_Rate', 'Body_Temp',
       'Gender_male'],
      dtype='object')
2025-12-24 01:19:36,232 - INFO - (3000, 7) -->  Index(['Age', 'Height', 'Weight', 'Duration', 'Heart_Rate', 'Body_Temp',
       'Gender_male'],
      dtype='object')
