2025-12-23 13:32:46,076 - INFO - Index(['Age', 'Height', 'Weight', 'Duration', 'Heart_Rate', 'Body_Temp'], dtype='object') --> (12000, 6)
2025-12-23 13:32:46,076 - INFO - Index(['Age', 'Height', 'Weight', 'Duration', 'Heart_Rate', 'Body_Temp'], dtype='object') --> (12000, 6)
2025-12-23 13:32:46,080 - INFO - columns we need to remove from constant technique :Index([], dtype='object')
2025-12-23 13:32:46,087 - INFO - columns need to be removed from quasi constant technique :Index(['Height', 'Weight', 'Heart_Rate', 'Body_Temp'], dtype='object')
2025-12-23 13:32:46,091 - INFO - Index(['Age', 'Duration'], dtype='object') --> (12000, 2)
2025-12-23 13:32:46,091 - INFO - Index(['Age', 'Duration'], dtype='object') --> (12000, 2)
2025-12-23 13:32:46,091 - INFO - Index(['Age', 'Duration'], dtype='object') -> (12000, 2)
2025-12-23 13:32:46,092 - INFO - Index(['Age', 'Duration'], dtype='object') -> (12000, 2)
2025-12-23 13:32:46,095 - INFO - [ 17. 167.  40.  34.  23.  78. 139.  80.  22.  89.  49.   7.  42.  15.
   3.  46. 125. 118. 144.  43. 136.  41.  33. 135.  21.  96.  84.  60.
  70. 129.  24. 216.  62.  75. 101.  92. 203.   4. 190. 110. 236.  32.
  16. 160. 122. 271.  12. 161.  35. 126.   2. 218. 156. 109. 176.  61.
 187. 158. 116. 114.  50. 108. 184.  90.  79. 182.  30.  11. 174. 166.
 168. 133.  44.  64. 132.  56. 131. 102.  95. 112.   8. 230. 143. 169.
  20.  67. 213. 254.   5.  87. 185.  65.  10.  68. 146.  55. 137.  93.
 124. 106.  48.  47.  26. 220.  99.  54.  58. 127. 120.  63.  13. 140.
 212.  25.  51.  85.  27.  37. 145.  28. 107. 130.  76. 198. 152. 163.
  45.  66. 188. 192. 157. 165. 159.  94. 134. 191. 194. 189.  82. 141.
  53. 111. 162.  36.  81.  39.   9.  88.  72.  77. 170. 171.  14. 115.
  29.  52. 155.  83. 186. 200. 241.  19. 204. 193. 181. 314. 148.  38.
  18.  86. 138.  59. 201.  31. 100.   6. 175.  74. 226. 223. 183. 142.
 149. 227. 179. 180. 150. 105. 121.  91. 151. 239. 196.  73. 128.  71.
 153. 117. 270.  69.  57. 215. 164. 123. 209. 206. 113. 202. 265. 103.
 199.  97. 210. 154. 261. 211. 147. 104. 235.  98. 231. 119. 233. 232.
 178. 250. 195. 177. 243. 173. 207. 221. 234. 172. 205. 197. 225. 240.
   1. 217. 252. 259. 247. 266. 229. 219. 253. 264. 208. 214. 228. 268.
 242. 255. 246. 238. 258. 300. 257. 251. 256. 269. 248. 237. 244. 273.
 224. 289. 295. 276. 280. 222. 245. 249. 272. 260.]
2025-12-23 13:32:46,272 - INFO - Age         6.008448e-62
Duration    0.000000e+00
dtype: float64
2025-12-23 13:32:53,120 - INFO - Index([], dtype='object')
2025-12-23 13:32:53,121 - INFO - Before : Index(['Age', 'Duration'], dtype='object') -> (12000, 2)
2025-12-23 13:32:53,121 - INFO - Before : Index(['Age', 'Duration'], dtype='object') -> (12000, 2)
