2025-12-24 01:19:12,729 - INFO - Data Loaded Successfully
2025-12-24 01:19:12,729 - INFO - Total number of rows and columns : (15000, 9)
2025-12-24 01:19:12,751 - INFO - sample data :     User_ID  Gender  Age  Height  Weight  Duration  Heart_Rate  Body_Temp  Calories
0  14733363    male   68   190.0    94.0      29.0       105.0       40.8     231.0
1  14861698  female   20   166.0    60.0      14.0        94.0       40.3      66.0
2  11179863    male   69   179.0    79.0       5.0        88.0       38.7      26.0
3  16180408  female   34   179.0    71.0      13.0       100.0       40.5      71.0
4  17771927  female   27   154.0    58.0      10.0        81.0       39.8      35.0
2025-12-24 01:19:12,751 - INFO - Total number of rows : 15000
2025-12-24 01:19:12,751 - INFO - Total number of columns : 9
2025-12-24 01:19:12,755 - INFO - Checking null values : User_ID       0
Gender        0
Age           0
Height        0
Weight        0
Duration      0
Heart_Rate    0
Body_Temp     0
Calories      0
dtype: int64
2025-12-24 01:19:12,765 - INFO - None
2025-12-24 01:19:12,770 - INFO - X shape : (15000, 7)
2025-12-24 01:19:12,770 - INFO - y shape : (15000,)
2025-12-24 01:19:12,779 - INFO - total training data : (12000, 7)
2025-12-24 01:19:12,780 - INFO - Index(['Gender', 'Age', 'Height', 'Weight', 'Duration', 'Heart_Rate',
       'Body_Temp'],
      dtype='object')
2025-12-24 01:19:12,780 - INFO - Total testing data : (3000, 7)
2025-12-24 01:19:12,780 - INFO - (3000,)
2025-12-24 01:19:12,780 - INFO - (12000,)
2025-12-24 01:19:12,783 - INFO - 8699     80.0
12062    15.0
528      24.0
9228     42.0
6041     25.0
Name: Calories, dtype: float64
2025-12-24 01:19:12,785 - INFO - 5337      96.0
9393      63.0
8072      54.0
14747    161.0
9232      82.0
Name: Calories, dtype: float64
2025-12-24 01:19:12,786 - INFO - Index(['Gender', 'Age', 'Height', 'Weight', 'Duration', 'Heart_Rate',
       'Body_Temp'],
      dtype='object')
2025-12-24 01:19:12,786 - INFO - Index(['Gender', 'Age', 'Height', 'Weight', 'Duration', 'Heart_Rate',
       'Body_Temp'],
      dtype='object')
2025-12-24 01:19:12,789 - INFO - Index(['Age', 'Height', 'Weight', 'Duration', 'Heart_Rate', 'Body_Temp'], dtype='object')
2025-12-24 01:19:12,789 - INFO - Index(['Gender'], dtype='object')
2025-12-24 01:19:12,789 - INFO - Index(['Age', 'Height', 'Weight', 'Duration', 'Heart_Rate', 'Body_Temp'], dtype='object')
2025-12-24 01:19:12,789 - INFO - Index(['Gender'], dtype='object')
2025-12-24 01:19:12,789 - INFO - (12000, 6)
2025-12-24 01:19:12,790 - INFO - (12000, 1)
2025-12-24 01:19:12,790 - INFO - (3000, 6)
2025-12-24 01:19:12,790 - INFO - (3000, 1)
2025-12-24 01:19:36,110 - INFO - Index(['Age', 'Height', 'Weight', 'Duration', 'Heart_Rate', 'Body_Temp'], dtype='object') -> (12000, 6)
2025-12-24 01:19:36,110 - INFO - Index(['Age', 'Height', 'Weight', 'Duration', 'Heart_Rate', 'Body_Temp'], dtype='object') -> (3000, 6)
2025-12-24 01:19:36,121 - INFO - sample data :            Age    Height    Weight  Duration  Heart_Rate  Body_Temp
7645   3.367296  5.176150  4.234107  3.135494    4.564348   3.725693
12062  3.258097  5.159055  4.262680  1.791759    4.382027   3.691376
6359   3.871201  5.288267  4.672829  3.178054    4.574711   3.732896
3185   3.178054  5.209486  4.262680  2.890372    4.634729   3.720862
7      3.737670  5.170484  4.454347  3.258097    4.615121   3.730501
6256   3.583519  5.062595  4.127134  2.079442    4.488636   3.706228
4731   3.951244  5.135798  4.262680  2.302585    4.595120   3.708682
5573   4.369448  5.176150  4.418841  1.386294    4.465908   3.660994
12411  4.025352  5.081404  4.143135  2.944439    4.682131   3.720862
13177  3.610918  5.236442  4.499810  2.833213    4.510860   3.723281
2025-12-24 01:19:36,121 - INFO - Index(['Gender'], dtype='object')
2025-12-24 01:19:36,121 - INFO - Index(['Gender'], dtype='object')
2025-12-24 01:19:36,122 - INFO - Gender --> ['male' 'female']
2025-12-24 01:19:36,126 - INFO - Before Converting :        Gender
9839     male
9680     male
7093     male
11293  female
820    female
...       ...
5191   female
13418  female
5390     male
860      male
7270     male

[12000 rows x 1 columns]
2025-12-24 01:19:36,131 - INFO - Before Converting :        Gender
11499  female
6475     male
13167    male
862      male
5970   female
...       ...
6216   female
3585   female
10023  female
14044  female
12965    male

[3000 rows x 1 columns]
2025-12-24 01:19:36,144 - INFO - Index(['Gender_male'], dtype='object')
2025-12-24 01:19:36,144 - INFO - Index(['Gender_male'], dtype='object')
2025-12-24 01:19:36,151 - INFO - After Converting :        Gender_male
0              1.0
1              1.0
2              1.0
3              0.0
4              0.0
...            ...
11995          0.0
11996          0.0
11997          1.0
11998          1.0
11999          1.0

[12000 rows x 1 columns]
2025-12-24 01:19:36,156 - INFO - After Converting :       Gender_male
0             0.0
1             1.0
2             1.0
3             1.0
4             0.0
...           ...
2995          0.0
2996          0.0
2997          0.0
2998          0.0
2999          1.0

[3000 rows x 1 columns]
2025-12-24 01:19:36,156 - INFO - (12000, 1)
2025-12-24 01:19:36,156 - INFO - (3000, 1)
2025-12-24 01:19:36,157 - INFO - Gender_male    0
dtype: int64
2025-12-24 01:19:36,158 - INFO - Gender_male    0
dtype: int64
2025-12-24 01:19:36,161 - INFO - (12000, 7)
2025-12-24 01:19:36,161 - INFO - (3000, 7)
2025-12-24 01:19:36,162 - INFO - Age            0
Height         0
Weight         0
Duration       0
Heart_Rate     0
Body_Temp      0
Gender_male    0
dtype: int64
2025-12-24 01:19:36,164 - INFO - Age            0
Height         0
Weight         0
Duration       0
Heart_Rate     0
Body_Temp      0
Gender_male    0
dtype: int64
2025-12-24 01:19:36,164 - INFO - =======================================================
2025-12-24 01:19:36,177 - INFO - Training Data :             Age    Height    Weight  Duration  Heart_Rate  Body_Temp  Gender_male
767    3.850148  5.023881  4.043051  1.098612    4.406719   3.671225          0.0
2391   4.025352  5.159055  4.317488  3.218876    4.663439   3.728100          1.0
10176  3.663562  5.105945  4.127134  2.708050    4.499810   3.711130          0.0
217    3.258097  5.062595  4.077537  3.218876    4.615121   3.725693          0.0
3413   3.218876  5.192957  4.234107  2.833213    4.624973   3.716008          0.0
1989   4.304065  4.990433  3.988984  2.944439    4.663439   3.723281          0.0
1609   3.828641  5.159055  4.204693  1.791759    4.382027   3.696351          0.0
10274  3.433987  5.043425  3.970292  3.135494    4.584967   3.730501          0.0
8040   3.332205  5.153292  4.290459  3.135494    4.595120   3.735286          1.0
9407   4.007333  5.241747  4.369448  1.791759    4.418841   3.686376          0.0
2025-12-24 01:19:36,189 - INFO - Testing Data :            Age    Height    Weight  Duration  Heart_Rate  Body_Temp  Gender_male
2576  3.044522  5.288267  4.543295  2.484907    4.584967   3.708682          1.0
1734  4.127134  5.236442  4.574711  2.890372    4.510860   3.720862          1.0
1355  3.583519  5.159055  4.262680  3.332205    4.634729   3.732896          1.0
1685  3.583519  5.267858  4.595120  2.397895    4.454347   3.706228          1.0
1705  4.234107  5.236442  4.510860  2.484907    4.615121   3.703768          1.0
472   4.290459  5.214936  4.553877  2.302585    4.488636   3.703768          1.0
629   3.332205  5.105945  4.043051  2.890372    4.624973   3.716008          0.0
1223  3.295837  5.081404  4.043051  3.258097    4.682131   3.723281          0.0
490   4.110874  5.105945  4.204693  3.332205    4.709530   3.732896          0.0
1067  3.258097  5.278115  4.595120  2.484907    4.499810   3.711130          1.0
2025-12-24 01:19:36,240 - INFO - Final Train Shape: (12000, 7)
2025-12-24 01:19:36,240 - INFO - Final Test Shape: (3000, 7)
